<?xml version="1.0" encoding="UTF-8"?>
<testsuite name="firstHomeworkTest" tests="1" skipped="0" failures="0" errors="0" timestamp="2021-03-31T16:23:31" hostname="MZARIPOV" time="6.847">
  <properties/>
  <testcase name="homeTest" classname="firstHomeworkTest" time="6.847"/>
  <system-out><![CDATA[]]></system-out>
  <system-err><![CDATA[SLF4J: Failed to load class "org.slf4j.impl.StaticLoggerBinder".
SLF4J: Defaulting to no-operation (NOP) logger implementation
SLF4J: See http://www.slf4j.org/codes.html#StaticLoggerBinder for further details.
Starting ChromeDriver 86.0.4240.22 (398b0743353ff36fb1b82468f63a3a93b4e2e89e-refs/branch-heads/4240@{#378}) on port 47435
Only local connections are allowed.
Please see https://chromedriver.chromium.org/security-considerations for suggestions on keeping ChromeDriver safe.
ChromeDriver was started successfully.
мар. 31, 2021 7:23:36 PM org.openqa.selenium.remote.ProtocolHandshake createSession
INFO: Detected dialect: W3C
мар. 31, 2021 7:23:36 PM org.openqa.selenium.devtools.CdpVersionFinder findNearestMatch
INFO: Found exact CDP implementation for version 86
]]></system-err>
</testsuite>
